2024-10-12T10:36:44.392Z P:12368 T:8820] SyncServiceImpl::ResetEngine,Reset engine with reason: 8
2024-10-12T10:36:44.392Z P:12368 T:8820] ModelLoadManager::Stop,Stopped: Bookmarks
2024-10-12T10:36:44.392Z P:12368 T:8820] ModelLoadManager::Stop,Stopped: Preferences
2024-10-12T10:36:44.392Z P:12368 T:8820] ModelLoadManager::Stop,Stopped: Passwords
2024-10-12T10:36:44.392Z P:12368 T:8820] ModelLoadManager::Stop,Stopped: Autofill Profiles
2024-10-12T10:36:44.392Z P:12368 T:8820] ModelLoadManager::Stop,Stopped: Autofill
2024-10-12T10:36:44.392Z P:12368 T:8820] ModelLoadManager::Stop,Stopped: Typed URLs
2024-10-12T10:36:44.392Z P:12368 T:8820] ModelLoadManager::Stop,Stopped: Extensions
2024-10-12T10:36:44.392Z P:12368 T:8820] ModelLoadManager::Stop,Stopped: Sessions
2024-10-12T10:36:44.392Z P:12368 T:8820] ModelLoadManager::Stop,Stopped: Extension settings
2024-10-12T10:36:44.392Z P:12368 T:8820] ModelLoadManager::Stop,Stopped: History Delete Directives
2024-10-12T10:36:44.392Z P:12368 T:8820] ModelLoadManager::Stop,Stopped: Device Info
2024-10-12T10:36:44.392Z P:12368 T:8820] ModelLoadManager::Stop,Stopped: User Consents
2024-10-12T10:36:44.392Z P:12368 T:8820] ModelLoadManager::Stop,Stopped: Send Tab To Self
2024-10-12T10:36:44.392Z P:12368 T:8820] ModelLoadManager::Stop,Stopped: Web Apps
2024-10-12T10:36:44.392Z P:12368 T:8820] ModelLoadManager::Stop,Stopped: History
2024-10-12T10:36:44.392Z P:12368 T:8820] ModelLoadManager::Stop,Stopped: Collection
2024-10-12T10:36:44.392Z P:12368 T:8820] ModelLoadManager::Stop,Stopped: Edge E Drop
2024-10-12T10:36:44.392Z P:12368 T:8820] ModelLoadManager::Stop,Stopped: Edge Hub App Usage
2024-10-12T10:36:44.392Z P:12368 T:8820] ModelLoadManager::Stop,Stopped: Edge Tab Group
2024-10-12T10:36:44.392Z P:12368 T:8820] ModelLoadManager::Stop,Stopped: Edge Wallet
2024-10-12T10:36:44.399Z P:12368 T:8820] SyncServiceImpl::Initialize,SyncState after authenticated was: NotSignedIn
2024-10-12T10:36:44.399Z P:12368 T:8820] SyncServiceImpl::ResetEngine,Reset engine with reason: 3
2024-10-12T10:36:44.399Z P:12368 T:8820] ModelLoadManager::Stop,Stopped: Bookmarks
2024-10-12T10:36:44.399Z P:12368 T:8820] ModelLoadManager::Stop,Stopped: Preferences
2024-10-12T10:36:44.399Z P:12368 T:8820] ModelLoadManager::Stop,Stopped: Passwords
2024-10-12T10:36:44.399Z P:12368 T:8820] ModelLoadManager::Stop,Stopped: Autofill Profiles
2024-10-12T10:36:44.399Z P:12368 T:8820] ModelLoadManager::Stop,Stopped: Autofill
2024-10-12T10:36:44.399Z P:12368 T:8820] ModelLoadManager::Stop,Stopped: Typed URLs
2024-10-12T10:36:44.399Z P:12368 T:8820] ModelLoadManager::Stop,Stopped: Extensions
2024-10-12T10:36:44.399Z P:12368 T:8820] ModelLoadManager::Stop,Stopped: Sessions
2024-10-12T10:36:44.399Z P:12368 T:8820] ModelLoadManager::Stop,Stopped: Extension settings
2024-10-12T10:36:44.399Z P:12368 T:8820] ModelLoadManager::Stop,Stopped: History Delete Directives
2024-10-12T10:36:44.399Z P:12368 T:8820] ModelLoadManager::Stop,Stopped: Device Info
2024-10-12T10:36:44.399Z P:12368 T:8820] ModelLoadManager::Stop,Stopped: User Consents
2024-10-12T10:36:44.399Z P:12368 T:8820] ModelLoadManager::Stop,Stopped: Send Tab To Self
2024-10-12T10:36:44.399Z P:12368 T:8820] ModelLoadManager::Stop,Stopped: Web Apps
2024-10-12T10:36:44.399Z P:12368 T:8820] ModelLoadManager::Stop,Stopped: History
2024-10-12T10:36:44.399Z P:12368 T:8820] ModelLoadManager::Stop,Stopped: Collection
2024-10-12T10:36:44.399Z P:12368 T:8820] ModelLoadManager::Stop,Stopped: Edge E Drop
2024-10-12T10:36:44.399Z P:12368 T:8820] ModelLoadManager::Stop,Stopped: Edge Hub App Usage
2024-10-12T10:36:44.399Z P:12368 T:8820] ModelLoadManager::Stop,Stopped: Edge Tab Group
2024-10-12T10:36:44.399Z P:12368 T:8820] ModelLoadManager::Stop,Stopped: Edge Wallet
2024-10-12T10:36:44.583Z P:12368 T:8820] SyncServiceImpl::ResetEngine,Reset engine with reason: 8
2024-10-12T10:36:44.583Z P:12368 T:8820] ModelLoadManager::Stop,Stopped: Bookmarks
2024-10-12T10:36:44.583Z P:12368 T:8820] ModelLoadManager::Stop,Stopped: Preferences
2024-10-12T10:36:44.583Z P:12368 T:8820] ModelLoadManager::Stop,Stopped: Passwords
2024-10-12T10:36:44.583Z P:12368 T:8820] ModelLoadManager::Stop,Stopped: Autofill Profiles
2024-10-12T10:36:44.583Z P:12368 T:8820] ModelLoadManager::Stop,Stopped: Autofill
2024-10-12T10:36:44.584Z P:12368 T:8820] ModelLoadManager::Stop,Stopped: Typed URLs
2024-10-12T10:36:44.584Z P:12368 T:8820] ModelLoadManager::Stop,Stopped: Extensions
2024-10-12T10:36:44.584Z P:12368 T:8820] ModelLoadManager::Stop,Stopped: Sessions
2024-10-12T10:36:44.584Z P:12368 T:8820] ModelLoadManager::Stop,Stopped: Extension settings
2024-10-12T10:36:44.584Z P:12368 T:8820] ModelLoadManager::Stop,Stopped: History Delete Directives
2024-10-12T10:36:44.584Z P:12368 T:8820] ModelLoadManager::Stop,Stopped: Device Info
2024-10-12T10:36:44.584Z P:12368 T:8820] ModelLoadManager::Stop,Stopped: User Consents
2024-10-12T10:36:44.584Z P:12368 T:8820] ModelLoadManager::Stop,Stopped: Send Tab To Self
2024-10-12T10:36:44.584Z P:12368 T:8820] ModelLoadManager::Stop,Stopped: Web Apps
2024-10-12T10:36:44.584Z P:12368 T:8820] ModelLoadManager::Stop,Stopped: History
2024-10-12T10:36:44.584Z P:12368 T:8820] ModelLoadManager::Stop,Stopped: Collection
2024-10-12T10:36:44.584Z P:12368 T:8820] ModelLoadManager::Stop,Stopped: Edge E Drop
2024-10-12T10:36:44.584Z P:12368 T:8820] ModelLoadManager::Stop,Stopped: Edge Hub App Usage
2024-10-12T10:36:44.584Z P:12368 T:8820] ModelLoadManager::Stop,Stopped: Edge Tab Group
2024-10-12T10:36:44.584Z P:12368 T:8820] ModelLoadManager::Stop,Stopped: Edge Wallet
2024-10-12T10:41:30.558Z P:12368 T:8820] SyncServiceImpl::ResetEngine,Reset engine with reason: 0
